<?xml version="1.0" encoding="UTF-8"?>
<testsuite name="Testes do Serviço de Cálculo do Fator de Desconto" tests="0" skipped="0" failures="0" errors="0" timestamp="1970-01-01T00:00:00" hostname="MTZNOTFS055610" time="0.0">
  <properties/>
  <system-out><![CDATA[2022-10-19 22:42:15.217  INFO 16996 --- [    Test worker] .b.t.c.SpringBootTestContextBootstrapper : Neither @ContextConfiguration nor @ContextHierarchy found for test class [net.MatheusMedeiros.calculator.service.DiscountFactorCalculationServiceUnitTests], using SpringBootContextLoader
2022-10-19 22:42:15.218  INFO 16996 --- [    Test worker] o.s.t.c.support.AbstractContextLoader    : Could not detect default resource locations for test class [net.MatheusMedeiros.calculator.service.DiscountFactorCalculationServiceUnitTests]: no resource found for suffixes {-context.xml, Context.groovy}.
2022-10-19 22:42:15.218  INFO 16996 --- [    Test worker] t.c.s.AnnotationConfigContextLoaderUtils : Could not detect default configuration classes for test class [net.MatheusMedeiros.calculator.service.DiscountFactorCalculationServiceUnitTests]: DiscountFactorCalculationServiceUnitTests does not declare any static, non-private, non-final, nested classes annotated with @Configuration.
2022-10-19 22:42:15.220  INFO 16996 --- [    Test worker] .b.t.c.SpringBootTestContextBootstrapper : Found @SpringBootConfiguration net.MatheusMedeiros.calculator.CalculatorApplication for test class net.MatheusMedeiros.calculator.service.DiscountFactorCalculationServiceUnitTests
2022-10-19 22:42:15.221  INFO 16996 --- [    Test worker] .b.t.c.SpringBootTestContextBootstrapper : Loaded default TestExecutionListener class names from location [META-INF/spring.factories]: [org.springframework.boot.test.autoconfigure.restdocs.RestDocsTestExecutionListener, org.springframework.boot.test.autoconfigure.web.client.MockRestServiceServerResetTestExecutionListener, org.springframework.boot.test.autoconfigure.web.servlet.MockMvcPrintOnlyOnFailureTestExecutionListener, org.springframework.boot.test.autoconfigure.web.servlet.WebDriverTestExecutionListener, org.springframework.boot.test.autoconfigure.webservices.client.MockWebServiceServerTestExecutionListener, org.springframework.boot.test.mock.mockito.MockitoTestExecutionListener, org.springframework.boot.test.mock.mockito.ResetMocksTestExecutionListener, org.springframework.test.context.web.ServletTestExecutionListener, org.springframework.test.context.support.DirtiesContextBeforeModesTestExecutionListener, org.springframework.test.context.event.ApplicationEventsTestExecutionListener, org.springframework.test.context.support.DependencyInjectionTestExecutionListener, org.springframework.test.context.support.DirtiesContextTestExecutionListener, org.springframework.test.context.transaction.TransactionalTestExecutionListener, org.springframework.test.context.jdbc.SqlScriptsTestExecutionListener, org.springframework.test.context.event.EventPublishingTestExecutionListener]
2022-10-19 22:42:15.222  INFO 16996 --- [    Test worker] .b.t.c.SpringBootTestContextBootstrapper : Using TestExecutionListeners: [org.springframework.test.context.web.ServletTestExecutionListener@35e357b, org.springframework.test.context.support.DirtiesContextBeforeModesTestExecutionListener@724c26e0, org.springframework.test.context.event.ApplicationEventsTestExecutionListener@6055e899, org.springframework.boot.test.mock.mockito.MockitoTestExecutionListener@350be5ec, org.springframework.boot.test.autoconfigure.SpringBootDependencyInjectionTestExecutionListener@478cebdb, org.springframework.test.context.support.DirtiesContextTestExecutionListener@5464aeec, org.springframework.test.context.transaction.TransactionalTestExecutionListener@1b3a95d9, org.springframework.test.context.jdbc.SqlScriptsTestExecutionListener@71f437d7, org.springframework.test.context.event.EventPublishingTestExecutionListener@5186c801, org.springframework.boot.test.autoconfigure.restdocs.RestDocsTestExecutionListener@20e41f13, org.springframework.boot.test.autoconfigure.web.client.MockRestServiceServerResetTestExecutionListener@6fbfd28b, org.springframework.boot.test.autoconfigure.web.servlet.MockMvcPrintOnlyOnFailureTestExecutionListener@3fa50a24, org.springframework.boot.test.autoconfigure.web.servlet.WebDriverTestExecutionListener@58041b11, org.springframework.boot.test.autoconfigure.webservices.client.MockWebServiceServerTestExecutionListener@58189b85, org.springframework.boot.test.mock.mockito.ResetMocksTestExecutionListener@49222187]
]]></system-out>
  <system-err><![CDATA[]]></system-err>
</testsuite>
