<?xml version="1.0" encoding="UTF-8"?>
<testsuite name="net.MatheusMedeiros.calculator.service.ProductDiscountCalculationServiceIntegrationTest" tests="1" skipped="0" failures="0" errors="0" timestamp="2022-10-20T01:42:15" hostname="MTZNOTFS055610" time="0.004">
  <properties/>
  <testcase name="whenDiscountIs10PercentThenProductPrincesLower10Percent()" classname="net.MatheusMedeiros.calculator.service.ProductDiscountCalculationServiceIntegrationTest" time="0.004"/>
  <system-out><![CDATA[2022-10-19 22:42:15.328  INFO 16996 --- [    Test worker] .b.t.c.SpringBootTestContextBootstrapper : Neither @ContextConfiguration nor @ContextHierarchy found for test class [net.MatheusMedeiros.calculator.service.ProductDiscountCalculationServiceIntegrationTest], using SpringBootContextLoader
2022-10-19 22:42:15.329  INFO 16996 --- [    Test worker] o.s.t.c.support.AbstractContextLoader    : Could not detect default resource locations for test class [net.MatheusMedeiros.calculator.service.ProductDiscountCalculationServiceIntegrationTest]: no resource found for suffixes {-context.xml, Context.groovy}.
2022-10-19 22:42:15.329  INFO 16996 --- [    Test worker] t.c.s.AnnotationConfigContextLoaderUtils : Could not detect default configuration classes for test class [net.MatheusMedeiros.calculator.service.ProductDiscountCalculationServiceIntegrationTest]: ProductDiscountCalculationServiceIntegrationTest does not declare any static, non-private, non-final, nested classes annotated with @Configuration.
2022-10-19 22:42:15.335  INFO 16996 --- [    Test worker] .b.t.c.SpringBootTestContextBootstrapper : Found @SpringBootConfiguration net.MatheusMedeiros.calculator.CalculatorApplication for test class net.MatheusMedeiros.calculator.service.ProductDiscountCalculationServiceIntegrationTest
2022-10-19 22:42:15.339  INFO 16996 --- [    Test worker] .b.t.c.SpringBootTestContextBootstrapper : Loaded default TestExecutionListener class names from location [META-INF/spring.factories]: [org.springframework.boot.test.autoconfigure.restdocs.RestDocsTestExecutionListener, org.springframework.boot.test.autoconfigure.web.client.MockRestServiceServerResetTestExecutionListener, org.springframework.boot.test.autoconfigure.web.servlet.MockMvcPrintOnlyOnFailureTestExecutionListener, org.springframework.boot.test.autoconfigure.web.servlet.WebDriverTestExecutionListener, org.springframework.boot.test.autoconfigure.webservices.client.MockWebServiceServerTestExecutionListener, org.springframework.boot.test.mock.mockito.MockitoTestExecutionListener, org.springframework.boot.test.mock.mockito.ResetMocksTestExecutionListener, org.springframework.test.context.web.ServletTestExecutionListener, org.springframework.test.context.support.DirtiesContextBeforeModesTestExecutionListener, org.springframework.test.context.event.ApplicationEventsTestExecutionListener, org.springframework.test.context.support.DependencyInjectionTestExecutionListener, org.springframework.test.context.support.DirtiesContextTestExecutionListener, org.springframework.test.context.transaction.TransactionalTestExecutionListener, org.springframework.test.context.jdbc.SqlScriptsTestExecutionListener, org.springframework.test.context.event.EventPublishingTestExecutionListener]
2022-10-19 22:42:15.340  INFO 16996 --- [    Test worker] .b.t.c.SpringBootTestContextBootstrapper : Using TestExecutionListeners: [org.springframework.test.context.web.ServletTestExecutionListener@630febd7, org.springframework.test.context.support.DirtiesContextBeforeModesTestExecutionListener@45c2c396, org.springframework.test.context.event.ApplicationEventsTestExecutionListener@408d12fc, org.springframework.boot.test.mock.mockito.MockitoTestExecutionListener@69d61a6f, org.springframework.boot.test.autoconfigure.SpringBootDependencyInjectionTestExecutionListener@759b05d1, org.springframework.test.context.support.DirtiesContextTestExecutionListener@2696b687, org.springframework.test.context.transaction.TransactionalTestExecutionListener@ea45a5b, org.springframework.test.context.jdbc.SqlScriptsTestExecutionListener@57f83c82, org.springframework.test.context.event.EventPublishingTestExecutionListener@7a600e21, org.springframework.boot.test.autoconfigure.restdocs.RestDocsTestExecutionListener@69d1ad64, org.springframework.boot.test.autoconfigure.web.client.MockRestServiceServerResetTestExecutionListener@458b4487, org.springframework.boot.test.autoconfigure.web.servlet.MockMvcPrintOnlyOnFailureTestExecutionListener@53016c98, org.springframework.boot.test.autoconfigure.web.servlet.WebDriverTestExecutionListener@296a71df, org.springframework.boot.test.autoconfigure.webservices.client.MockWebServiceServerTestExecutionListener@4db4431b, org.springframework.boot.test.mock.mockito.ResetMocksTestExecutionListener@52849956]
]]></system-out>
  <system-err><![CDATA[]]></system-err>
</testsuite>
