<?xml version="1.0" encoding="UTF-8"?>
<testsuite name="Mensagem de Falha" tests="4" skipped="0" failures="0" errors="0" timestamp="2022-10-20T01:42:14" hostname="MTZNOTFS055610" time="0.485">
  <properties/>
  <testcase name="Quando o campo tipo de Mensagem estiver vazio e o nome, email e escreva aqui sua mensagem preenchidos ENTAO Sua mensagem não pôde ser enviada no momento! Tente mais tarde." classname="net.MatheusMedeiros.calculator.service.ContactFormularyServiceUnitTests$FailMessage" time="0.466"/>
  <testcase name="Quando o campo nome estiver vazio e o email, tipo de mensagem e escreva aqui sua mensagem preenchidos ENTAO Sua mensagem não pôde ser enviada no momento! Tente mais tarde." classname="net.MatheusMedeiros.calculator.service.ContactFormularyServiceUnitTests$FailMessage" time="0.006"/>
  <testcase name="Quando o campo Escreva Aqui sua Mensagem estiver vazio e o nome, email e tipo de mensagem preenchidos ENTAO Sua mensagem não pôde ser enviada no momento! Tente mais tarde." classname="net.MatheusMedeiros.calculator.service.ContactFormularyServiceUnitTests$FailMessage" time="0.003"/>
  <testcase name="Quando o campo email estiver vazio e o nome, tipo de mensagem e escreva aqui sua mensagem preenchidos ENTAO Sua mensagem não pôde ser enviada no momento! Tente mais tarde." classname="net.MatheusMedeiros.calculator.service.ContactFormularyServiceUnitTests$FailMessage" time="0.003"/>
  <system-out><![CDATA[22:42:08.463 [Test worker] DEBUG org.springframework.test.context.BootstrapUtils - Instantiating CacheAwareContextLoaderDelegate from class [org.springframework.test.context.cache.DefaultCacheAwareContextLoaderDelegate]
22:42:08.464 [Test worker] DEBUG org.springframework.test.context.BootstrapUtils - Instantiating BootstrapContext using constructor [public org.springframework.test.context.support.DefaultBootstrapContext(java.lang.Class,org.springframework.test.context.CacheAwareContextLoaderDelegate)]
22:42:08.465 [Test worker] DEBUG org.springframework.test.context.BootstrapUtils - Instantiating TestContextBootstrapper for test class [net.MatheusMedeiros.calculator.service.ContactFormularyServiceUnitTests$FailMessage] from class [org.springframework.boot.test.context.SpringBootTestContextBootstrapper]
22:42:08.466 [Test worker] INFO org.springframework.boot.test.context.SpringBootTestContextBootstrapper - Neither @ContextConfiguration nor @ContextHierarchy found for test class [net.MatheusMedeiros.calculator.service.ContactFormularyServiceUnitTests$FailMessage], using SpringBootContextLoader
22:42:08.467 [Test worker] DEBUG org.springframework.test.context.support.AbstractContextLoader - Did not detect default resource location for test class [net.MatheusMedeiros.calculator.service.ContactFormularyServiceUnitTests$FailMessage]: class path resource [net/MatheusMedeiros/calculator/service/ContactFormularyServiceUnitTests$FailMessage-context.xml] does not exist
22:42:08.467 [Test worker] DEBUG org.springframework.test.context.support.AbstractContextLoader - Did not detect default resource location for test class [net.MatheusMedeiros.calculator.service.ContactFormularyServiceUnitTests$FailMessage]: class path resource [net/MatheusMedeiros/calculator/service/ContactFormularyServiceUnitTests$FailMessageContext.groovy] does not exist
22:42:08.468 [Test worker] INFO org.springframework.test.context.support.AbstractContextLoader - Could not detect default resource locations for test class [net.MatheusMedeiros.calculator.service.ContactFormularyServiceUnitTests$FailMessage]: no resource found for suffixes {-context.xml, Context.groovy}.
22:42:08.468 [Test worker] INFO org.springframework.test.context.support.AnnotationConfigContextLoaderUtils - Could not detect default configuration classes for test class [net.MatheusMedeiros.calculator.service.ContactFormularyServiceUnitTests$FailMessage]: FailMessage does not declare any static, non-private, non-final, nested classes annotated with @Configuration.
22:42:08.472 [Test worker] DEBUG org.springframework.test.context.support.ActiveProfilesUtils - Could not find an 'annotation declaring class' for annotation type [org.springframework.test.context.ActiveProfiles] and class [net.MatheusMedeiros.calculator.service.ContactFormularyServiceUnitTests$FailMessage]
22:42:08.473 [Test worker] INFO org.springframework.boot.test.context.SpringBootTestContextBootstrapper - Found @SpringBootConfiguration net.MatheusMedeiros.calculator.CalculatorApplication for test class net.MatheusMedeiros.calculator.service.ContactFormularyServiceUnitTests$FailMessage
22:42:08.480 [Test worker] DEBUG org.springframework.boot.test.context.SpringBootTestContextBootstrapper - @TestExecutionListeners is not present for class [net.MatheusMedeiros.calculator.service.ContactFormularyServiceUnitTests$FailMessage]: using defaults.
22:42:08.482 [Test worker] INFO org.springframework.boot.test.context.SpringBootTestContextBootstrapper - Loaded default TestExecutionListener class names from location [META-INF/spring.factories]: [org.springframework.boot.test.autoconfigure.restdocs.RestDocsTestExecutionListener, org.springframework.boot.test.autoconfigure.web.client.MockRestServiceServerResetTestExecutionListener, org.springframework.boot.test.autoconfigure.web.servlet.MockMvcPrintOnlyOnFailureTestExecutionListener, org.springframework.boot.test.autoconfigure.web.servlet.WebDriverTestExecutionListener, org.springframework.boot.test.autoconfigure.webservices.client.MockWebServiceServerTestExecutionListener, org.springframework.boot.test.mock.mockito.MockitoTestExecutionListener, org.springframework.boot.test.mock.mockito.ResetMocksTestExecutionListener, org.springframework.test.context.web.ServletTestExecutionListener, org.springframework.test.context.support.DirtiesContextBeforeModesTestExecutionListener, org.springframework.test.context.event.ApplicationEventsTestExecutionListener, org.springframework.test.context.support.DependencyInjectionTestExecutionListener, org.springframework.test.context.support.DirtiesContextTestExecutionListener, org.springframework.test.context.transaction.TransactionalTestExecutionListener, org.springframework.test.context.jdbc.SqlScriptsTestExecutionListener, org.springframework.test.context.event.EventPublishingTestExecutionListener]
22:42:08.483 [Test worker] INFO org.springframework.boot.test.context.SpringBootTestContextBootstrapper - Using TestExecutionListeners: [org.springframework.test.context.web.ServletTestExecutionListener@1ac85b0c, org.springframework.test.context.support.DirtiesContextBeforeModesTestExecutionListener@3dd69f5a, org.springframework.test.context.event.ApplicationEventsTestExecutionListener@3aa3193a, org.springframework.boot.test.mock.mockito.MockitoTestExecutionListener@1ee4730, org.springframework.boot.test.autoconfigure.SpringBootDependencyInjectionTestExecutionListener@59a67c3a, org.springframework.test.context.support.DirtiesContextTestExecutionListener@5003041b, org.springframework.test.context.transaction.TransactionalTestExecutionListener@724bade8, org.springframework.test.context.jdbc.SqlScriptsTestExecutionListener@16fb356, org.springframework.test.context.event.EventPublishingTestExecutionListener@6bc248ed, org.springframework.boot.test.autoconfigure.restdocs.RestDocsTestExecutionListener@23a9ba52, org.springframework.boot.test.autoconfigure.web.client.MockRestServiceServerResetTestExecutionListener@ca27722, org.springframework.boot.test.autoconfigure.web.servlet.MockMvcPrintOnlyOnFailureTestExecutionListener@70ab80e3, org.springframework.boot.test.autoconfigure.web.servlet.WebDriverTestExecutionListener@9573b3b, org.springframework.boot.test.autoconfigure.webservices.client.MockWebServiceServerTestExecutionListener@67427b69, org.springframework.boot.test.mock.mockito.ResetMocksTestExecutionListener@78461bc4]
22:42:08.483 [Test worker] DEBUG org.springframework.test.context.support.AbstractDirtiesContextTestExecutionListener - Before test class: context [DefaultTestContext@544630b7 testClass = ContactFormularyServiceUnitTests.FailMessage, testInstance = [null], testMethod = [null], testException = [null], mergedContextConfiguration = [WebMergedContextConfiguration@64f857e7 testClass = ContactFormularyServiceUnitTests.FailMessage, locations = '{}', classes = '{class net.MatheusMedeiros.calculator.CalculatorApplication}', contextInitializerClasses = '[]', activeProfiles = '{}', propertySourceLocations = '{}', propertySourceProperties = '{org.springframework.boot.test.context.SpringBootTestContextBootstrapper=true}', contextCustomizers = set[org.springframework.boot.test.autoconfigure.actuate.metrics.MetricsExportContextCustomizerFactory$DisableMetricExportContextCustomizer@112f364d, org.springframework.boot.test.autoconfigure.properties.PropertyMappingContextCustomizer@0, org.springframework.boot.test.autoconfigure.web.servlet.WebDriverContextCustomizerFactory$Customizer@2c5529ab, org.springframework.boot.test.context.filter.ExcludeFilterContextCustomizer@51972dc7, org.springframework.boot.test.json.DuplicateJsonObjectContextCustomizerFactory$DuplicateJsonObjectContextCustomizer@1d470d0, org.springframework.boot.test.mock.mockito.MockitoContextCustomizer@0, org.springframework.boot.test.web.client.TestRestTemplateContextCustomizer@158a3b2e, org.springframework.boot.test.context.SpringBootTestArgs@1, org.springframework.boot.test.context.SpringBootTestWebEnvironment@1ed4ae0f], resourceBasePath = 'src/main/webapp', contextLoader = 'org.springframework.boot.test.context.SpringBootContextLoader', parent = [null]], attributes = map['org.springframework.test.context.web.ServletTestExecutionListener.activateListener' -> true]], class annotated with @DirtiesContext [false] with mode [null].

  .   ____          _            __ _ _
 /\\ / ___'_ __ _ _(_)_ __  __ _ \ \ \ \
( ( )\___ | '_ | '_| | '_ \/ _` | \ \ \ \
 \\/  ___)| |_)| | | | | || (_| |  ) ) ) )
  '  |____| .__|_| |_|_| |_\__, | / / / /
 =========|_|==============|___/=/_/_/_/
 :: Spring Boot ::                (v2.7.4)

2022-10-19 22:42:09.335  INFO 16996 --- [    Test worker] n.M.c.s.ContactFormularyServiceUnitTests : Starting ContactFormularyServiceUnitTests using Java 19 on MTZNOTFS055610 with PID 16996 (started by matheus.medeiros in C:\Users\matheus.medeiros\Documents\WorkSpace\Java\calculator)
2022-10-19 22:42:09.337  INFO 16996 --- [    Test worker] n.M.c.s.ContactFormularyServiceUnitTests : No active profile set, falling back to 1 default profile: "default"
2022-10-19 22:42:10.461  INFO 16996 --- [    Test worker] .s.d.r.c.RepositoryConfigurationDelegate : Bootstrapping Spring Data JPA repositories in DEFAULT mode.
2022-10-19 22:42:10.490  INFO 16996 --- [    Test worker] .s.d.r.c.RepositoryConfigurationDelegate : Finished Spring Data repository scanning in 17 ms. Found 0 JPA repository interfaces.
2022-10-19 22:42:11.431  INFO 16996 --- [    Test worker] o.hibernate.jpa.internal.util.LogHelper  : HHH000204: Processing PersistenceUnitInfo [name: default]
2022-10-19 22:42:11.542  INFO 16996 --- [    Test worker] org.hibernate.Version                    : HHH000412: Hibernate ORM core version 5.6.11.Final
2022-10-19 22:42:12.088  INFO 16996 --- [    Test worker] o.hibernate.annotations.common.Version   : HCANN000001: Hibernate Commons Annotations {5.1.2.Final}
2022-10-19 22:42:12.338  INFO 16996 --- [    Test worker] com.zaxxer.hikari.HikariDataSource       : HikariPool-1 - Starting...
2022-10-19 22:42:12.985  INFO 16996 --- [    Test worker] com.zaxxer.hikari.HikariDataSource       : HikariPool-1 - Start completed.
2022-10-19 22:42:13.019  INFO 16996 --- [    Test worker] org.hibernate.dialect.Dialect            : HHH000400: Using dialect: org.hibernate.dialect.H2Dialect
2022-10-19 22:42:13.435  INFO 16996 --- [    Test worker] o.h.e.t.j.p.i.JtaPlatformInitiator       : HHH000490: Using JtaPlatform implementation: [org.hibernate.engine.transaction.jta.platform.internal.NoJtaPlatform]
2022-10-19 22:42:13.450  INFO 16996 --- [    Test worker] j.LocalContainerEntityManagerFactoryBean : Initialized JPA EntityManagerFactory for persistence unit 'default'
2022-10-19 22:42:13.800  WARN 16996 --- [    Test worker] JpaBaseConfiguration$JpaWebConfiguration : spring.jpa.open-in-view is enabled by default. Therefore, database queries may be performed during view rendering. Explicitly configure spring.jpa.open-in-view to disable this warning
2022-10-19 22:42:14.619  INFO 16996 --- [    Test worker] n.M.c.s.ContactFormularyServiceUnitTests : Started ContactFormularyServiceUnitTests in 6.022 seconds (JVM running for 8.702)
]]></system-out>
  <system-err><![CDATA[[2022.10.19 22:42:08] (Coverage): Error during class instrumentation: org.springframework.boot.logging.log4j2.Log4J2LoggingSystem: java.lang.RuntimeException: java.io.IOException: Class org/apache/logging/log4j/core/config/composite/CompositeConfiguration not found
]]></system-err>
</testsuite>
