<?xml version="1.0" encoding="UTF-8"?>
<testsuite name="Quando o cliente é do tipo B" tests="3" skipped="0" failures="0" errors="0" timestamp="2022-10-20T01:42:15" hostname="MTZNOTFS055610" time="0.016">
  <properties/>
  <testcase name="E Quantidade maior ou igual a 1000 ENTAO desconto é 5%" classname="net.MatheusMedeiros.calculator.service.DiscountFactorCalculationServiceUnitTests$ClientTypeB" time="0.003"/>
  <testcase name="E Quantidade entre 100 e 999 ENTÃO o desconto é 10%" classname="net.MatheusMedeiros.calculator.service.DiscountFactorCalculationServiceUnitTests$ClientTypeB" time="0.004"/>
  <testcase name="E Quantidade entre 1 e 99 ENTÃO o desconto é 15%" classname="net.MatheusMedeiros.calculator.service.DiscountFactorCalculationServiceUnitTests$ClientTypeB" time="0.005"/>
  <system-out><![CDATA[2022-10-19 22:42:15.270  INFO 16996 --- [    Test worker] .b.t.c.SpringBootTestContextBootstrapper : Neither @ContextConfiguration nor @ContextHierarchy found for test class [net.MatheusMedeiros.calculator.service.DiscountFactorCalculationServiceUnitTests$ClientTypeB], using SpringBootContextLoader
2022-10-19 22:42:15.271  INFO 16996 --- [    Test worker] o.s.t.c.support.AbstractContextLoader    : Could not detect default resource locations for test class [net.MatheusMedeiros.calculator.service.DiscountFactorCalculationServiceUnitTests$ClientTypeB]: no resource found for suffixes {-context.xml, Context.groovy}.
2022-10-19 22:42:15.272  INFO 16996 --- [    Test worker] t.c.s.AnnotationConfigContextLoaderUtils : Could not detect default configuration classes for test class [net.MatheusMedeiros.calculator.service.DiscountFactorCalculationServiceUnitTests$ClientTypeB]: ClientTypeB does not declare any static, non-private, non-final, nested classes annotated with @Configuration.
2022-10-19 22:42:15.273  INFO 16996 --- [    Test worker] .b.t.c.SpringBootTestContextBootstrapper : Found @SpringBootConfiguration net.MatheusMedeiros.calculator.CalculatorApplication for test class net.MatheusMedeiros.calculator.service.DiscountFactorCalculationServiceUnitTests$ClientTypeB
2022-10-19 22:42:15.277  INFO 16996 --- [    Test worker] .b.t.c.SpringBootTestContextBootstrapper : Loaded default TestExecutionListener class names from location [META-INF/spring.factories]: [org.springframework.boot.test.autoconfigure.restdocs.RestDocsTestExecutionListener, org.springframework.boot.test.autoconfigure.web.client.MockRestServiceServerResetTestExecutionListener, org.springframework.boot.test.autoconfigure.web.servlet.MockMvcPrintOnlyOnFailureTestExecutionListener, org.springframework.boot.test.autoconfigure.web.servlet.WebDriverTestExecutionListener, org.springframework.boot.test.autoconfigure.webservices.client.MockWebServiceServerTestExecutionListener, org.springframework.boot.test.mock.mockito.MockitoTestExecutionListener, org.springframework.boot.test.mock.mockito.ResetMocksTestExecutionListener, org.springframework.test.context.web.ServletTestExecutionListener, org.springframework.test.context.support.DirtiesContextBeforeModesTestExecutionListener, org.springframework.test.context.event.ApplicationEventsTestExecutionListener, org.springframework.test.context.support.DependencyInjectionTestExecutionListener, org.springframework.test.context.support.DirtiesContextTestExecutionListener, org.springframework.test.context.transaction.TransactionalTestExecutionListener, org.springframework.test.context.jdbc.SqlScriptsTestExecutionListener, org.springframework.test.context.event.EventPublishingTestExecutionListener]
2022-10-19 22:42:15.278  INFO 16996 --- [    Test worker] .b.t.c.SpringBootTestContextBootstrapper : Using TestExecutionListeners: [org.springframework.test.context.web.ServletTestExecutionListener@7b0dfa91, org.springframework.test.context.support.DirtiesContextBeforeModesTestExecutionListener@642f8b7f, org.springframework.test.context.event.ApplicationEventsTestExecutionListener@3321fb65, org.springframework.boot.test.mock.mockito.MockitoTestExecutionListener@7272914b, org.springframework.boot.test.autoconfigure.SpringBootDependencyInjectionTestExecutionListener@663f24e6, org.springframework.test.context.support.DirtiesContextTestExecutionListener@7e532f2d, org.springframework.test.context.transaction.TransactionalTestExecutionListener@42150951, org.springframework.test.context.jdbc.SqlScriptsTestExecutionListener@248b2091, org.springframework.test.context.event.EventPublishingTestExecutionListener@3b0c38f2, org.springframework.boot.test.autoconfigure.restdocs.RestDocsTestExecutionListener@5cc152f9, org.springframework.boot.test.autoconfigure.web.client.MockRestServiceServerResetTestExecutionListener@36f497b1, org.springframework.boot.test.autoconfigure.web.servlet.MockMvcPrintOnlyOnFailureTestExecutionListener@4b86a656, org.springframework.boot.test.autoconfigure.web.servlet.WebDriverTestExecutionListener@1117cc7c, org.springframework.boot.test.autoconfigure.webservices.client.MockWebServiceServerTestExecutionListener@4797023d, org.springframework.boot.test.mock.mockito.ResetMocksTestExecutionListener@55cc4c61]
]]></system-out>
  <system-err><![CDATA[]]></system-err>
</testsuite>
