<?xml version="1.0" encoding="UTF-8"?>
<testsuite name="Quando o cliente é do tipo A" tests="3" skipped="0" failures="0" errors="0" timestamp="2022-10-20T01:42:15" hostname="MTZNOTFS055610" time="0.015">
  <properties/>
  <testcase name="E Quantidade maior ou igual a 1000 ENTAO Desconto é 0%" classname="net.MatheusMedeiros.calculator.service.DiscountFactorCalculationServiceUnitTests$ClientTypeA" time="0.006"/>
  <testcase name="E Quantidade entre 100 e 999 ENTÃO o desconto é 5%" classname="net.MatheusMedeiros.calculator.service.DiscountFactorCalculationServiceUnitTests$ClientTypeA" time="0.003"/>
  <testcase name="E Quantidade entre 1 e 99 ENTÃO o desconto é 10%" classname="net.MatheusMedeiros.calculator.service.DiscountFactorCalculationServiceUnitTests$ClientTypeA" time="0.004"/>
  <system-out><![CDATA[2022-10-19 22:42:15.299  INFO 16996 --- [    Test worker] .b.t.c.SpringBootTestContextBootstrapper : Neither @ContextConfiguration nor @ContextHierarchy found for test class [net.MatheusMedeiros.calculator.service.DiscountFactorCalculationServiceUnitTests$ClientTypeA], using SpringBootContextLoader
2022-10-19 22:42:15.301  INFO 16996 --- [    Test worker] o.s.t.c.support.AbstractContextLoader    : Could not detect default resource locations for test class [net.MatheusMedeiros.calculator.service.DiscountFactorCalculationServiceUnitTests$ClientTypeA]: no resource found for suffixes {-context.xml, Context.groovy}.
2022-10-19 22:42:15.301  INFO 16996 --- [    Test worker] t.c.s.AnnotationConfigContextLoaderUtils : Could not detect default configuration classes for test class [net.MatheusMedeiros.calculator.service.DiscountFactorCalculationServiceUnitTests$ClientTypeA]: ClientTypeA does not declare any static, non-private, non-final, nested classes annotated with @Configuration.
2022-10-19 22:42:15.303  INFO 16996 --- [    Test worker] .b.t.c.SpringBootTestContextBootstrapper : Found @SpringBootConfiguration net.MatheusMedeiros.calculator.CalculatorApplication for test class net.MatheusMedeiros.calculator.service.DiscountFactorCalculationServiceUnitTests$ClientTypeA
2022-10-19 22:42:15.304  INFO 16996 --- [    Test worker] .b.t.c.SpringBootTestContextBootstrapper : Loaded default TestExecutionListener class names from location [META-INF/spring.factories]: [org.springframework.boot.test.autoconfigure.restdocs.RestDocsTestExecutionListener, org.springframework.boot.test.autoconfigure.web.client.MockRestServiceServerResetTestExecutionListener, org.springframework.boot.test.autoconfigure.web.servlet.MockMvcPrintOnlyOnFailureTestExecutionListener, org.springframework.boot.test.autoconfigure.web.servlet.WebDriverTestExecutionListener, org.springframework.boot.test.autoconfigure.webservices.client.MockWebServiceServerTestExecutionListener, org.springframework.boot.test.mock.mockito.MockitoTestExecutionListener, org.springframework.boot.test.mock.mockito.ResetMocksTestExecutionListener, org.springframework.test.context.web.ServletTestExecutionListener, org.springframework.test.context.support.DirtiesContextBeforeModesTestExecutionListener, org.springframework.test.context.event.ApplicationEventsTestExecutionListener, org.springframework.test.context.support.DependencyInjectionTestExecutionListener, org.springframework.test.context.support.DirtiesContextTestExecutionListener, org.springframework.test.context.transaction.TransactionalTestExecutionListener, org.springframework.test.context.jdbc.SqlScriptsTestExecutionListener, org.springframework.test.context.event.EventPublishingTestExecutionListener]
2022-10-19 22:42:15.305  INFO 16996 --- [    Test worker] .b.t.c.SpringBootTestContextBootstrapper : Using TestExecutionListeners: [org.springframework.test.context.web.ServletTestExecutionListener@2b06f498, org.springframework.test.context.support.DirtiesContextBeforeModesTestExecutionListener@4ddb9a8, org.springframework.test.context.event.ApplicationEventsTestExecutionListener@7b24d5e4, org.springframework.boot.test.mock.mockito.MockitoTestExecutionListener@4c3c31a5, org.springframework.boot.test.autoconfigure.SpringBootDependencyInjectionTestExecutionListener@5002be8e, org.springframework.test.context.support.DirtiesContextTestExecutionListener@39fb5ddf, org.springframework.test.context.transaction.TransactionalTestExecutionListener@642d34f1, org.springframework.test.context.jdbc.SqlScriptsTestExecutionListener@49b180c8, org.springframework.test.context.event.EventPublishingTestExecutionListener@c02a1be, org.springframework.boot.test.autoconfigure.restdocs.RestDocsTestExecutionListener@6f740044, org.springframework.boot.test.autoconfigure.web.client.MockRestServiceServerResetTestExecutionListener@62732be7, org.springframework.boot.test.autoconfigure.web.servlet.MockMvcPrintOnlyOnFailureTestExecutionListener@278150a1, org.springframework.boot.test.autoconfigure.web.servlet.WebDriverTestExecutionListener@3e170abe, org.springframework.boot.test.autoconfigure.webservices.client.MockWebServiceServerTestExecutionListener@712e4b18, org.springframework.boot.test.mock.mockito.ResetMocksTestExecutionListener@af96ac9]
]]></system-out>
  <system-err><![CDATA[]]></system-err>
</testsuite>
