<?xml version="1.0" encoding="UTF-8"?>
<testsuite name="Quando o cliente é do tipo C" tests="3" skipped="0" failures="0" errors="0" timestamp="2022-10-20T01:42:15" hostname="MTZNOTFS055610" time="0.019">
  <properties/>
  <testcase name="E Quantidade maior ou igual a 1000 ENTAO desconto é 10%" classname="net.MatheusMedeiros.calculator.service.DiscountFactorCalculationServiceUnitTests$ClientTypeC" time="0.004"/>
  <testcase name="E Quantidade entre 100 e 999 ENTÃO o desconto é 15%" classname="net.MatheusMedeiros.calculator.service.DiscountFactorCalculationServiceUnitTests$ClientTypeC" time="0.006"/>
  <testcase name="E Quantidade entre 1 e 99 ENTÃO o desconto é 20 %" classname="net.MatheusMedeiros.calculator.service.DiscountFactorCalculationServiceUnitTests$ClientTypeC" time="0.004"/>
  <system-out><![CDATA[2022-10-19 22:42:15.228  INFO 16996 --- [    Test worker] .b.t.c.SpringBootTestContextBootstrapper : Neither @ContextConfiguration nor @ContextHierarchy found for test class [net.MatheusMedeiros.calculator.service.DiscountFactorCalculationServiceUnitTests$ClientTypeC], using SpringBootContextLoader
2022-10-19 22:42:15.231  INFO 16996 --- [    Test worker] o.s.t.c.support.AbstractContextLoader    : Could not detect default resource locations for test class [net.MatheusMedeiros.calculator.service.DiscountFactorCalculationServiceUnitTests$ClientTypeC]: no resource found for suffixes {-context.xml, Context.groovy}.
2022-10-19 22:42:15.232  INFO 16996 --- [    Test worker] t.c.s.AnnotationConfigContextLoaderUtils : Could not detect default configuration classes for test class [net.MatheusMedeiros.calculator.service.DiscountFactorCalculationServiceUnitTests$ClientTypeC]: ClientTypeC does not declare any static, non-private, non-final, nested classes annotated with @Configuration.
2022-10-19 22:42:15.234  INFO 16996 --- [    Test worker] .b.t.c.SpringBootTestContextBootstrapper : Found @SpringBootConfiguration net.MatheusMedeiros.calculator.CalculatorApplication for test class net.MatheusMedeiros.calculator.service.DiscountFactorCalculationServiceUnitTests$ClientTypeC
2022-10-19 22:42:15.237  INFO 16996 --- [    Test worker] .b.t.c.SpringBootTestContextBootstrapper : Loaded default TestExecutionListener class names from location [META-INF/spring.factories]: [org.springframework.boot.test.autoconfigure.restdocs.RestDocsTestExecutionListener, org.springframework.boot.test.autoconfigure.web.client.MockRestServiceServerResetTestExecutionListener, org.springframework.boot.test.autoconfigure.web.servlet.MockMvcPrintOnlyOnFailureTestExecutionListener, org.springframework.boot.test.autoconfigure.web.servlet.WebDriverTestExecutionListener, org.springframework.boot.test.autoconfigure.webservices.client.MockWebServiceServerTestExecutionListener, org.springframework.boot.test.mock.mockito.MockitoTestExecutionListener, org.springframework.boot.test.mock.mockito.ResetMocksTestExecutionListener, org.springframework.test.context.web.ServletTestExecutionListener, org.springframework.test.context.support.DirtiesContextBeforeModesTestExecutionListener, org.springframework.test.context.event.ApplicationEventsTestExecutionListener, org.springframework.test.context.support.DependencyInjectionTestExecutionListener, org.springframework.test.context.support.DirtiesContextTestExecutionListener, org.springframework.test.context.transaction.TransactionalTestExecutionListener, org.springframework.test.context.jdbc.SqlScriptsTestExecutionListener, org.springframework.test.context.event.EventPublishingTestExecutionListener]
2022-10-19 22:42:15.238  INFO 16996 --- [    Test worker] .b.t.c.SpringBootTestContextBootstrapper : Using TestExecutionListeners: [org.springframework.test.context.web.ServletTestExecutionListener@3abdc11d, org.springframework.test.context.support.DirtiesContextBeforeModesTestExecutionListener@624be1d4, org.springframework.test.context.event.ApplicationEventsTestExecutionListener@336e17be, org.springframework.boot.test.mock.mockito.MockitoTestExecutionListener@3897f9ae, org.springframework.boot.test.autoconfigure.SpringBootDependencyInjectionTestExecutionListener@6c767288, org.springframework.test.context.support.DirtiesContextTestExecutionListener@510e6b93, org.springframework.test.context.transaction.TransactionalTestExecutionListener@129e45eb, org.springframework.test.context.jdbc.SqlScriptsTestExecutionListener@15c3849f, org.springframework.test.context.event.EventPublishingTestExecutionListener@4a7e469d, org.springframework.boot.test.autoconfigure.restdocs.RestDocsTestExecutionListener@688efeb2, org.springframework.boot.test.autoconfigure.web.client.MockRestServiceServerResetTestExecutionListener@85f5f55, org.springframework.boot.test.autoconfigure.web.servlet.MockMvcPrintOnlyOnFailureTestExecutionListener@131c5bd, org.springframework.boot.test.autoconfigure.web.servlet.WebDriverTestExecutionListener@394331a8, org.springframework.boot.test.autoconfigure.webservices.client.MockWebServiceServerTestExecutionListener@2627335c, org.springframework.boot.test.mock.mockito.ResetMocksTestExecutionListener@5470753a]
]]></system-out>
  <system-err><![CDATA[]]></system-err>
</testsuite>
