<?xml version="1.0" encoding="UTF-8"?>
<testsuite name="Mensagem de Sucesso" tests="9" skipped="0" failures="0" errors="0" timestamp="2022-10-20T01:42:15" hostname="MTZNOTFS055610" time="0.055">
  <properties/>
  <testcase name="Quando a mensagem é do tipo Sugestao e a idade é maior que 60 anos ENTAO Mensagem Enviada Com Sucesso!" classname="net.MatheusMedeiros.calculator.service.ContactFormularyServiceUnitTests$SuccessMessage" time="0.006"/>
  <testcase name="Quando a mensagem é do tipo duvida e a idade é menor que 18 anos ENTAO Mensagem Enviada Com Sucesso!" classname="net.MatheusMedeiros.calculator.service.ContactFormularyServiceUnitTests$SuccessMessage" time="0.004"/>
  <testcase name="Quando a mensagem é do tipo Reclamação e a idade é menor que 18 anos ENTAO Mensagem Enviada Com Sucesso!" classname="net.MatheusMedeiros.calculator.service.ContactFormularyServiceUnitTests$SuccessMessage" time="0.003"/>
  <testcase name="Quando a mensagem é do tipo duvida e a idade é maior ou igual a 18 anos e menor ou igual a 60 anos ENTAO Mensagem Enviada Com Sucesso!" classname="net.MatheusMedeiros.calculator.service.ContactFormularyServiceUnitTests$SuccessMessage" time="0.003"/>
  <testcase name="Quando a mensagem é do tipo Reclamação e a idade é maior ou igual a 18 anos e menor ou igual a 60 anos ENTAO Mensagem Enviada Com Sucesso!" classname="net.MatheusMedeiros.calculator.service.ContactFormularyServiceUnitTests$SuccessMessage" time="0.003"/>
  <testcase name="Quando a mensagem é do tipo duvida e a idade é maior que 60 anos ENTAO Mensagem Enviada Com Sucesso!" classname="net.MatheusMedeiros.calculator.service.ContactFormularyServiceUnitTests$SuccessMessage" time="0.005"/>
  <testcase name="Quando a mensagem é do tipo Sugestao e a idade é maior ou igual a 18 anos e menor ou igual a 60 anos ENTAO Mensagem Enviada Com Sucesso!" classname="net.MatheusMedeiros.calculator.service.ContactFormularyServiceUnitTests$SuccessMessage" time="0.003"/>
  <testcase name="Quando a mensagem é do tipo Sugestao e a idade é menor que 18 anos ENTAO Mensagem Enviada Com Sucesso!" classname="net.MatheusMedeiros.calculator.service.ContactFormularyServiceUnitTests$SuccessMessage" time="0.003"/>
  <testcase name="Quando a mensagem é do tipo Reclamação e a idade é maior que 60 anos ENTAO Mensagem Enviada Com Sucesso!" classname="net.MatheusMedeiros.calculator.service.ContactFormularyServiceUnitTests$SuccessMessage" time="0.007"/>
  <system-out><![CDATA[2022-10-19 22:42:15.148  INFO 16996 --- [    Test worker] .b.t.c.SpringBootTestContextBootstrapper : Neither @ContextConfiguration nor @ContextHierarchy found for test class [net.MatheusMedeiros.calculator.service.ContactFormularyServiceUnitTests$SuccessMessage], using SpringBootContextLoader
2022-10-19 22:42:15.149  INFO 16996 --- [    Test worker] o.s.t.c.support.AbstractContextLoader    : Could not detect default resource locations for test class [net.MatheusMedeiros.calculator.service.ContactFormularyServiceUnitTests$SuccessMessage]: no resource found for suffixes {-context.xml, Context.groovy}.
2022-10-19 22:42:15.149  INFO 16996 --- [    Test worker] t.c.s.AnnotationConfigContextLoaderUtils : Could not detect default configuration classes for test class [net.MatheusMedeiros.calculator.service.ContactFormularyServiceUnitTests$SuccessMessage]: SuccessMessage does not declare any static, non-private, non-final, nested classes annotated with @Configuration.
2022-10-19 22:42:15.151  INFO 16996 --- [    Test worker] .b.t.c.SpringBootTestContextBootstrapper : Found @SpringBootConfiguration net.MatheusMedeiros.calculator.CalculatorApplication for test class net.MatheusMedeiros.calculator.service.ContactFormularyServiceUnitTests$SuccessMessage
2022-10-19 22:42:15.153  INFO 16996 --- [    Test worker] .b.t.c.SpringBootTestContextBootstrapper : Loaded default TestExecutionListener class names from location [META-INF/spring.factories]: [org.springframework.boot.test.autoconfigure.restdocs.RestDocsTestExecutionListener, org.springframework.boot.test.autoconfigure.web.client.MockRestServiceServerResetTestExecutionListener, org.springframework.boot.test.autoconfigure.web.servlet.MockMvcPrintOnlyOnFailureTestExecutionListener, org.springframework.boot.test.autoconfigure.web.servlet.WebDriverTestExecutionListener, org.springframework.boot.test.autoconfigure.webservices.client.MockWebServiceServerTestExecutionListener, org.springframework.boot.test.mock.mockito.MockitoTestExecutionListener, org.springframework.boot.test.mock.mockito.ResetMocksTestExecutionListener, org.springframework.test.context.web.ServletTestExecutionListener, org.springframework.test.context.support.DirtiesContextBeforeModesTestExecutionListener, org.springframework.test.context.event.ApplicationEventsTestExecutionListener, org.springframework.test.context.support.DependencyInjectionTestExecutionListener, org.springframework.test.context.support.DirtiesContextTestExecutionListener, org.springframework.test.context.transaction.TransactionalTestExecutionListener, org.springframework.test.context.jdbc.SqlScriptsTestExecutionListener, org.springframework.test.context.event.EventPublishingTestExecutionListener]
2022-10-19 22:42:15.153  INFO 16996 --- [    Test worker] .b.t.c.SpringBootTestContextBootstrapper : Using TestExecutionListeners: [org.springframework.test.context.web.ServletTestExecutionListener@3c108c05, org.springframework.test.context.support.DirtiesContextBeforeModesTestExecutionListener@193d7ac7, org.springframework.test.context.event.ApplicationEventsTestExecutionListener@7d0333c8, org.springframework.boot.test.mock.mockito.MockitoTestExecutionListener@185b7cc6, org.springframework.boot.test.autoconfigure.SpringBootDependencyInjectionTestExecutionListener@2093bb6c, org.springframework.test.context.support.DirtiesContextTestExecutionListener@528a16fb, org.springframework.test.context.transaction.TransactionalTestExecutionListener@3673e211, org.springframework.test.context.jdbc.SqlScriptsTestExecutionListener@758d0555, org.springframework.test.context.event.EventPublishingTestExecutionListener@48788853, org.springframework.boot.test.autoconfigure.restdocs.RestDocsTestExecutionListener@4ac77269, org.springframework.boot.test.autoconfigure.web.client.MockRestServiceServerResetTestExecutionListener@638d624a, org.springframework.boot.test.autoconfigure.web.servlet.MockMvcPrintOnlyOnFailureTestExecutionListener@7eb774c3, org.springframework.boot.test.autoconfigure.web.servlet.WebDriverTestExecutionListener@72015156, org.springframework.boot.test.autoconfigure.webservices.client.MockWebServiceServerTestExecutionListener@3a42145, org.springframework.boot.test.mock.mockito.ResetMocksTestExecutionListener@bb38c49]
]]></system-out>
  <system-err><![CDATA[]]></system-err>
</testsuite>
